<?xml version="1.0" encoding="UTF-8"?>
<testsuite xmlns:xsi="http://www.w3.org/2001/XMLSchema-instance" xsi:noNamespaceSchemaLocation="https://maven.apache.org/surefire/maven-surefire-plugin/xsd/surefire-test-report.xsd" name="com.Resourcewise.RunCukesTest" time="0.679" tests="1" errors="1" skipped="0" failures="0">
  <properties>
[...]
</properties>
  <testcase name="initializationError" classname="com.Resourcewise.RunCukesTest" time="0.015">
    <error message="Error parsing feature file endToEnd.feature" type="cucumber.runtime.CucumberException">cucumber.runtime.CucumberException: Error parsing feature file endToEnd.feature
Caused by: gherkin.parser.ParseError: Parse error at endToEnd.feature:1. Found eof when expecting one of: examples, feature, scenario, scenario_outline, tag. (Current getState: tag).
</error>
  </testcase>
</testsuite>